running egg_info
creating ../../build/ros2_final/ros2_final.egg-info
writing ../../build/ros2_final/ros2_final.egg-info/PKG-INFO
writing dependency_links to ../../build/ros2_final/ros2_final.egg-info/dependency_links.txt
writing entry points to ../../build/ros2_final/ros2_final.egg-info/entry_points.txt
writing requirements to ../../build/ros2_final/ros2_final.egg-info/requires.txt
writing top-level names to ../../build/ros2_final/ros2_final.egg-info/top_level.txt
writing manifest file '../../build/ros2_final/ros2_final.egg-info/SOURCES.txt'
reading manifest file '../../build/ros2_final/ros2_final.egg-info/SOURCES.txt'
writing manifest file '../../build/ros2_final/ros2_final.egg-info/SOURCES.txt'
running build
running build_py
creating /home/controlslab/shreyassaira/build/ros2_final/build
creating /home/controlslab/shreyassaira/build/ros2_final/build/lib
creating /home/controlslab/shreyassaira/build/ros2_final/build/lib/ros2_final
copying ros2_final/__init__.py -> /home/controlslab/shreyassaira/build/ros2_final/build/lib/ros2_final
running install
running install_lib
creating /home/controlslab/shreyassaira/install/ros2_final/lib/python3.10/site-packages/ros2_final
copying /home/controlslab/shreyassaira/build/ros2_final/build/lib/ros2_final/__init__.py -> /home/controlslab/shreyassaira/install/ros2_final/lib/python3.10/site-packages/ros2_final
byte-compiling /home/controlslab/shreyassaira/install/ros2_final/lib/python3.10/site-packages/ros2_final/__init__.py to __init__.cpython-310.pyc
running install_data
creating /home/controlslab/shreyassaira/install/ros2_final/share/ament_index
creating /home/controlslab/shreyassaira/install/ros2_final/share/ament_index/resource_index
creating /home/controlslab/shreyassaira/install/ros2_final/share/ament_index/resource_index/packages
copying resource/ros2_final -> /home/controlslab/shreyassaira/install/ros2_final/share/ament_index/resource_index/packages
copying package.xml -> /home/controlslab/shreyassaira/install/ros2_final/share/ros2_final
running install_egg_info
Copying ../../build/ros2_final/ros2_final.egg-info to /home/controlslab/shreyassaira/install/ros2_final/lib/python3.10/site-packages/ros2_final-0.0.0-py3.10.egg-info
running install_scripts
writing list of installed files to '/home/controlslab/shreyassaira/build/ros2_final/install.log'
