[0.183s] DEBUG:colcon:Command line arguments: ['/usr/bin/colcon', 'list', '-p', '--base-paths', '/home/controlslab/shreyassaira']
[0.183s] DEBUG:colcon:Parsed command line arguments: Namespace(log_base=None, log_level=None, verb_name='list', build_base='build', ignore_user_meta=False, metas=['./colcon.meta'], base_paths=['/home/controlslab/shreyassaira'], packages_ignore=None, packages_ignore_regex=None, paths=None, packages_up_to=None, packages_up_to_regex=None, packages_above=None, packages_above_and_dependencies=None, packages_above_depth=None, packages_select_by_dep=None, packages_skip_by_dep=None, packages_skip_up_to=None, packages_select_build_failed=False, packages_skip_build_finished=False, packages_select_test_failures=False, packages_skip_test_passed=False, packages_select=None, packages_skip=None, packages_select_regex=None, packages_skip_regex=None, packages_start=None, packages_end=None, allow_overriding=[], topological_order=False, names_only=False, paths_only=True, topological_graph=False, topological_graph_dot=False, topological_graph_density=False, topological_graph_legend=False, topological_graph_dot_cluster=False, topological_graph_dot_include_skipped=False, verb_parser=<colcon_defaults.argument_parser.defaults.DefaultArgumentsDecorator object at 0x7c89a51d4f70>, verb_extension=<colcon_package_information.verb.list.ListVerb object at 0x7c89a51d4250>, main=<bound method ListVerb.main of <colcon_package_information.verb.list.ListVerb object at 0x7c89a51d4250>>)
[0.387s] Level 1:colcon.colcon_core.package_discovery:discover_packages(colcon_meta) check parameters
[0.387s] Level 1:colcon.colcon_core.package_discovery:discover_packages(recursive) check parameters
[0.387s] Level 1:colcon.colcon_core.package_discovery:discover_packages(ignore) check parameters
[0.387s] Level 1:colcon.colcon_core.package_discovery:discover_packages(path) check parameters
[0.387s] Level 1:colcon.colcon_core.package_discovery:discover_packages(recursive) discover
[0.387s] INFO:colcon.colcon_core.package_discovery:Crawling recursively for packages in '/home/controlslab/shreyassaira'
[0.387s] Level 1:colcon.colcon_core.package_identification:_identify(/home/controlslab/shreyassaira) by extensions ['ignore', 'ignore_ament_install']
[0.387s] Level 1:colcon.colcon_core.package_identification:_identify(/home/controlslab/shreyassaira) by extension 'ignore'
[0.387s] Level 1:colcon.colcon_core.package_identification:_identify(/home/controlslab/shreyassaira) by extension 'ignore_ament_install'
[0.387s] Level 1:colcon.colcon_core.package_identification:_identify(/home/controlslab/shreyassaira) by extensions ['colcon_pkg']
[0.387s] Level 1:colcon.colcon_core.package_identification:_identify(/home/controlslab/shreyassaira) by extension 'colcon_pkg'
[0.387s] Level 1:colcon.colcon_core.package_identification:_identify(/home/controlslab/shreyassaira) by extensions ['colcon_meta']
[0.387s] Level 1:colcon.colcon_core.package_identification:_identify(/home/controlslab/shreyassaira) by extension 'colcon_meta'
[0.388s] Level 1:colcon.colcon_core.package_identification:_identify(/home/controlslab/shreyassaira) by extensions ['ros']
[0.388s] Level 1:colcon.colcon_core.package_identification:_identify(/home/controlslab/shreyassaira) by extension 'ros'
[0.401s] Level 1:colcon.colcon_core.package_identification:_identify(/home/controlslab/shreyassaira) by extensions ['cmake', 'python']
[0.401s] Level 1:colcon.colcon_core.package_identification:_identify(/home/controlslab/shreyassaira) by extension 'cmake'
[0.401s] Level 1:colcon.colcon_core.package_identification:_identify(/home/controlslab/shreyassaira) by extension 'python'
[0.402s] Level 1:colcon.colcon_core.package_identification:_identify(/home/controlslab/shreyassaira) by extensions ['python_setup_py']
[0.402s] Level 1:colcon.colcon_core.package_identification:_identify(/home/controlslab/shreyassaira) by extension 'python_setup_py'
[0.404s] Level 1:colcon.colcon_core.package_identification:_identify(/home/controlslab/shreyassaira/build) by extensions ['ignore', 'ignore_ament_install']
[0.404s] Level 1:colcon.colcon_core.package_identification:_identify(/home/controlslab/shreyassaira/build) by extension 'ignore'
[0.404s] Level 1:colcon.colcon_core.package_identification:_identify(/home/controlslab/shreyassaira/build) ignored
[0.405s] Level 1:colcon.colcon_core.package_identification:_identify(/home/controlslab/shreyassaira/install) by extensions ['ignore', 'ignore_ament_install']
[0.405s] Level 1:colcon.colcon_core.package_identification:_identify(/home/controlslab/shreyassaira/install) by extension 'ignore'
[0.405s] Level 1:colcon.colcon_core.package_identification:_identify(/home/controlslab/shreyassaira/install) ignored
[0.405s] Level 1:colcon.colcon_core.package_identification:_identify(/home/controlslab/shreyassaira/log) by extensions ['ignore', 'ignore_ament_install']
[0.405s] Level 1:colcon.colcon_core.package_identification:_identify(/home/controlslab/shreyassaira/log) by extension 'ignore'
[0.405s] Level 1:colcon.colcon_core.package_identification:_identify(/home/controlslab/shreyassaira/log) ignored
[0.405s] Level 1:colcon.colcon_core.package_identification:_identify(/home/controlslab/shreyassaira/src) by extensions ['ignore', 'ignore_ament_install']
[0.405s] Level 1:colcon.colcon_core.package_identification:_identify(/home/controlslab/shreyassaira/src) by extension 'ignore'
[0.405s] Level 1:colcon.colcon_core.package_identification:_identify(/home/controlslab/shreyassaira/src) by extension 'ignore_ament_install'
[0.406s] Level 1:colcon.colcon_core.package_identification:_identify(/home/controlslab/shreyassaira/src) by extensions ['colcon_pkg']
[0.406s] Level 1:colcon.colcon_core.package_identification:_identify(/home/controlslab/shreyassaira/src) by extension 'colcon_pkg'
[0.406s] Level 1:colcon.colcon_core.package_identification:_identify(/home/controlslab/shreyassaira/src) by extensions ['colcon_meta']
[0.406s] Level 1:colcon.colcon_core.package_identification:_identify(/home/controlslab/shreyassaira/src) by extension 'colcon_meta'
[0.406s] Level 1:colcon.colcon_core.package_identification:_identify(/home/controlslab/shreyassaira/src) by extensions ['ros']
[0.406s] Level 1:colcon.colcon_core.package_identification:_identify(/home/controlslab/shreyassaira/src) by extension 'ros'
[0.406s] Level 1:colcon.colcon_core.package_identification:_identify(/home/controlslab/shreyassaira/src) by extensions ['cmake', 'python']
[0.406s] Level 1:colcon.colcon_core.package_identification:_identify(/home/controlslab/shreyassaira/src) by extension 'cmake'
[0.406s] Level 1:colcon.colcon_core.package_identification:_identify(/home/controlslab/shreyassaira/src) by extension 'python'
[0.406s] Level 1:colcon.colcon_core.package_identification:_identify(/home/controlslab/shreyassaira/src) by extensions ['python_setup_py']
[0.406s] Level 1:colcon.colcon_core.package_identification:_identify(/home/controlslab/shreyassaira/src) by extension 'python_setup_py'
[0.406s] Level 1:colcon.colcon_core.package_identification:_identify(/home/controlslab/shreyassaira/src/ros2_final) by extensions ['ignore', 'ignore_ament_install']
[0.406s] Level 1:colcon.colcon_core.package_identification:_identify(/home/controlslab/shreyassaira/src/ros2_final) by extension 'ignore'
[0.406s] Level 1:colcon.colcon_core.package_identification:_identify(/home/controlslab/shreyassaira/src/ros2_final) by extension 'ignore_ament_install'
[0.406s] Level 1:colcon.colcon_core.package_identification:_identify(/home/controlslab/shreyassaira/src/ros2_final) by extensions ['colcon_pkg']
[0.406s] Level 1:colcon.colcon_core.package_identification:_identify(/home/controlslab/shreyassaira/src/ros2_final) by extension 'colcon_pkg'
[0.406s] Level 1:colcon.colcon_core.package_identification:_identify(/home/controlslab/shreyassaira/src/ros2_final) by extensions ['colcon_meta']
[0.406s] Level 1:colcon.colcon_core.package_identification:_identify(/home/controlslab/shreyassaira/src/ros2_final) by extension 'colcon_meta'
[0.406s] Level 1:colcon.colcon_core.package_identification:_identify(/home/controlslab/shreyassaira/src/ros2_final) by extensions ['ros']
[0.406s] Level 1:colcon.colcon_core.package_identification:_identify(/home/controlslab/shreyassaira/src/ros2_final) by extension 'ros'
[0.409s] DEBUG:colcon.colcon_core.package_identification:Package '/home/controlslab/shreyassaira/src/ros2_final' with type 'ros.ament_python' and name 'ros2_final'
[0.409s] Level 1:colcon.colcon_core.package_discovery:discover_packages(recursive) using defaults
